This file contains any messages produced by compilers while
running configure, to aid debugging if configure makes a mistake.

It was created by nopoll configure 0.4.5.b375, which was
generated by GNU Autoconf 2.69.  Invocation command line was

  $ ./configure 

## --------- ##
## Platform. ##
## --------- ##

hostname = tegra-ubuntu
uname -m = armv7l
uname -r = 3.10.40-g93fcb31-dirty
uname -s = Linux
uname -v = #3 SMP PREEMPT Wed Jun 28 17:59:08 CST 2017

/usr/bin/uname -p = unknown
/bin/uname -X     = unknown

/bin/arch              = unknown
/usr/bin/arch -k       = unknown
/usr/convex/getsysinfo = unknown
/usr/bin/hostinfo      = unknown
/bin/machine           = unknown
/usr/bin/oslevel       = unknown
/bin/universe          = unknown

PATH: /usr/local/sbin
PATH: /usr/local/bin
PATH: /usr/sbin
PATH: /usr/bin
PATH: /sbin
PATH: /bin
PATH: /usr/games
PATH: /usr/local/games
PATH: /monchickey/ffmeg/bin


## ----------- ##
## Core tests. ##
## ----------- ##

configure:2461: checking for a BSD-compatible install
configure:2529: result: /usr/bin/install -c
configure:2540: checking whether build environment is sane
configure:2595: result: yes
configure:2746: checking for a thread-safe mkdir -p
configure:2785: result: /bin/mkdir -p
configure:2792: checking for gawk
configure:2822: result: no
configure:2792: checking for mawk
configure:2808: found /usr/bin/mawk
configure:2819: result: mawk
configure:2830: checking whether make sets $(MAKE)
configure:2852: result: yes
configure:2881: checking whether make supports nested variables
configure:2898: result: yes
configure:3028: checking whether to enable maintainer-specific portions of Makefiles
configure:3037: result: no
configure:3099: checking for gcc
configure:3115: found /usr/bin/gcc
configure:3126: result: gcc
configure:3355: checking for C compiler version
configure:3364: gcc --version >&5
gcc (Ubuntu/Linaro 4.8.4-2ubuntu1~14.04.3) 4.8.4
Copyright (C) 2013 Free Software Foundation, Inc.
This is free software; see the source for copying conditions.  There is NO
warranty; not even for MERCHANTABILITY or FITNESS FOR A PARTICULAR PURPOSE.

configure:3375: $? = 0
configure:3364: gcc -v >&5
Using built-in specs.
COLLECT_GCC=gcc
COLLECT_LTO_WRAPPER=/usr/lib/gcc/arm-linux-gnueabihf/4.8/lto-wrapper
Target: arm-linux-gnueabihf
Configured with: ../src/configure -v --with-pkgversion='Ubuntu/Linaro 4.8.4-2ubuntu1~14.04.3' --with-bugurl=file:///usr/share/doc/gcc-4.8/README.Bugs --enable-languages=c,c++,java,go,d,fortran,objc,obj-c++ --prefix=/usr --program-suffix=-4.8 --enable-shared --enable-linker-build-id --libexecdir=/usr/lib --without-included-gettext --enable-threads=posix --with-gxx-include-dir=/usr/include/c++/4.8 --libdir=/usr/lib --enable-nls --with-sysroot=/ --enable-clocale=gnu --enable-libstdcxx-debug --enable-libstdcxx-time=yes --enable-gnu-unique-object --disable-libmudflap --disable-libitm --disable-libquadmath --enable-plugin --with-system-zlib --disable-browser-plugin --enable-java-awt=gtk --enable-gtk-cairo --with-java-home=/usr/lib/jvm/java-1.5.0-gcj-4.8-armhf/jre --enable-java-home --with-jvm-root-dir=/usr/lib/jvm/java-1.5.0-gcj-4.8-armhf --with-jvm-jar-dir=/usr/lib/jvm-exports/java-1.5.0-gcj-4.8-armhf --with-arch-directory=arm --with-ecj-jar=/usr/share/java/eclipse-ecj.jar --enable-objc-gc --enable-multiarch --enable-multilib --disable-sjlj-exceptions --with-arch=armv7-a --with-fpu=vfpv3-d16 --with-float=hard --with-mode=thumb --disable-werror --enable-checking=release --build=arm-linux-gnueabihf --host=arm-linux-gnueabihf --target=arm-linux-gnueabihf
Thread model: posix
gcc version 4.8.4 (Ubuntu/Linaro 4.8.4-2ubuntu1~14.04.3) 
configure:3375: $? = 0
configure:3364: gcc -V >&5
gcc: error: unrecognized command line option '-V'
gcc: fatal error: no input files
compilation terminated.
configure:3375: $? = 4
configure:3364: gcc -qversion >&5
gcc: error: unrecognized command line option '-qversion'
gcc: fatal error: no input files
compilation terminated.
configure:3375: $? = 4
configure:3395: checking whether the C compiler works
configure:3417: gcc    conftest.c  >&5
configure:3421: $? = 0
configure:3469: result: yes
configure:3472: checking for C compiler default output file name
configure:3474: result: a.out
configure:3480: checking for suffix of executables
configure:3487: gcc -o conftest    conftest.c  >&5
configure:3491: $? = 0
configure:3513: result: 
configure:3535: checking whether we are cross compiling
configure:3543: gcc -o conftest    conftest.c  >&5
configure:3547: $? = 0
configure:3554: ./conftest
configure:3558: $? = 0
configure:3573: result: no
configure:3578: checking for suffix of object files
configure:3600: gcc -c   conftest.c >&5
configure:3604: $? = 0
configure:3625: result: o
configure:3629: checking whether we are using the GNU C compiler
configure:3648: gcc -c   conftest.c >&5
configure:3648: $? = 0
configure:3657: result: yes
configure:3666: checking whether gcc accepts -g
configure:3686: gcc -c -g  conftest.c >&5
configure:3686: $? = 0
configure:3727: result: yes
configure:3744: checking for gcc option to accept ISO C89
configure:3807: gcc  -c -g -O2  conftest.c >&5
configure:3807: $? = 0
configure:3820: result: none needed
configure:3845: checking whether gcc understands -c and -o together
configure:3867: gcc -c conftest.c -o conftest2.o
configure:3870: $? = 0
configure:3867: gcc -c conftest.c -o conftest2.o
configure:3870: $? = 0
configure:3882: result: yes
configure:3910: checking for style of include used by make
configure:3938: result: GNU
configure:3964: checking dependency style of gcc
configure:4075: result: gcc3
configure:4091: checking for library containing strerror
configure:4122: gcc -o conftest -g -O2   conftest.c  >&5
configure:4122: $? = 0
configure:4139: result: none required
configure:4152: checking how to run the C preprocessor
configure:4183: gcc -E  conftest.c
configure:4183: $? = 0
configure:4197: gcc -E  conftest.c
conftest.c:11:28: fatal error: ac_nonexistent.h: No such file or directory
 #include <ac_nonexistent.h>
                            ^
compilation terminated.
configure:4197: $? = 1
configure: failed program was:
| /* confdefs.h */
| #define PACKAGE_NAME "nopoll"
| #define PACKAGE_TARNAME "nopoll"
| #define PACKAGE_VERSION "0.4.5.b375"
| #define PACKAGE_STRING "nopoll 0.4.5.b375"
| #define PACKAGE_BUGREPORT ""
| #define PACKAGE_URL ""
| #define PACKAGE "nopoll"
| #define VERSION "0.4.5.b375"
| /* end confdefs.h.  */
| #include <ac_nonexistent.h>
configure:4222: result: gcc -E
configure:4242: gcc -E  conftest.c
configure:4242: $? = 0
configure:4256: gcc -E  conftest.c
conftest.c:11:28: fatal error: ac_nonexistent.h: No such file or directory
 #include <ac_nonexistent.h>
                            ^
compilation terminated.
configure:4256: $? = 1
configure: failed program was:
| /* confdefs.h */
| #define PACKAGE_NAME "nopoll"
| #define PACKAGE_TARNAME "nopoll"
| #define PACKAGE_VERSION "0.4.5.b375"
| #define PACKAGE_STRING "nopoll 0.4.5.b375"
| #define PACKAGE_BUGREPORT ""
| #define PACKAGE_URL ""
| #define PACKAGE "nopoll"
| #define VERSION "0.4.5.b375"
| /* end confdefs.h.  */
| #include <ac_nonexistent.h>
configure:4285: checking for grep that handles long lines and -e
configure:4343: result: /bin/grep
configure:4348: checking for egrep
configure:4410: result: /bin/grep -E
configure:4415: checking for ANSI C header files
configure:4435: gcc -c -g -O2  conftest.c >&5
configure:4435: $? = 0
configure:4508: gcc -o conftest -g -O2   conftest.c  >&5
configure:4508: $? = 0
configure:4508: ./conftest
configure:4508: $? = 0
configure:4519: result: yes
configure:4556: checking build system type
configure:4570: result: armv7l-unknown-linux-gnueabihf
configure:4590: checking host system type
configure:4603: result: armv7l-unknown-linux-gnueabihf
configure:4644: checking how to print strings
configure:4671: result: printf
configure:4692: checking for a sed that does not truncate output
configure:4756: result: /bin/sed
configure:4774: checking for fgrep
configure:4836: result: /bin/grep -F
configure:4871: checking for ld used by gcc
configure:4938: result: /usr/bin/ld
configure:4945: checking if the linker (/usr/bin/ld) is GNU ld
configure:4960: result: yes
configure:4972: checking for BSD- or MS-compatible name lister (nm)
configure:5021: result: /usr/bin/nm -B
configure:5151: checking the name lister (/usr/bin/nm -B) interface
configure:5158: gcc -c -g -O2  conftest.c >&5
configure:5161: /usr/bin/nm -B "conftest.o"
configure:5164: output
00000000 B some_variable
configure:5171: result: BSD nm
configure:5174: checking whether ln -s works
configure:5178: result: yes
configure:5186: checking the maximum length of command line arguments
configure:5317: result: 1572864
configure:5334: checking whether the shell understands some XSI constructs
configure:5344: result: yes
configure:5348: checking whether the shell understands "+="
configure:5354: result: yes
configure:5389: checking how to convert armv7l-unknown-linux-gnueabihf file names to armv7l-unknown-linux-gnueabihf format
configure:5429: result: func_convert_file_noop
configure:5436: checking how to convert armv7l-unknown-linux-gnueabihf file names to toolchain format
configure:5456: result: func_convert_file_noop
configure:5463: checking for /usr/bin/ld option to reload object files
configure:5470: result: -r
configure:5544: checking for objdump
configure:5560: found /usr/bin/objdump
configure:5571: result: objdump
configure:5603: checking how to recognize dependent libraries
configure:5801: result: pass_all
configure:5886: checking for dlltool
configure:5916: result: no
configure:5946: checking how to associate runtime and link libraries
configure:5973: result: printf %s\n
configure:6033: checking for ar
configure:6049: found /usr/bin/ar
configure:6060: result: ar
configure:6097: checking for archiver @FILE support
configure:6114: gcc -c -g -O2  conftest.c >&5
configure:6114: $? = 0
configure:6117: ar cru libconftest.a @conftest.lst >&5
configure:6120: $? = 0
configure:6125: ar cru libconftest.a @conftest.lst >&5
ar: conftest.o: No such file or directory
configure:6128: $? = 1
configure:6140: result: @
configure:6198: checking for strip
configure:6214: found /usr/bin/strip
configure:6225: result: strip
configure:6297: checking for ranlib
configure:6313: found /usr/bin/ranlib
configure:6324: result: ranlib
configure:6426: checking command to parse /usr/bin/nm -B output from gcc object
configure:6546: gcc -c -g -O2  conftest.c >&5
configure:6549: $? = 0
configure:6553: /usr/bin/nm -B conftest.o \| sed -n -e 's/^.*[ ]\([ABCDGIRSTW][ABCDGIRSTW]*\)[ ][ ]*\([_A-Za-z][_A-Za-z0-9]*\)$/\1 \2 \2/p' | sed '/ __gnu_lto/d' \> conftest.nm
configure:6556: $? = 0
configure:6622: gcc -o conftest -g -O2   conftest.c conftstm.o >&5
configure:6625: $? = 0
configure:6663: result: ok
configure:6700: checking for sysroot
configure:6730: result: no
configure:6999: checking for mt
configure:7015: found /bin/mt
configure:7026: result: mt
configure:7049: checking if mt is a manifest tool
configure:7055: mt '-?'
configure:7063: result: no
configure:7705: checking for sys/types.h
configure:7705: gcc -c -g -O2  conftest.c >&5
configure:7705: $? = 0
configure:7705: result: yes
configure:7705: checking for sys/stat.h
configure:7705: gcc -c -g -O2  conftest.c >&5
configure:7705: $? = 0
configure:7705: result: yes
configure:7705: checking for stdlib.h
configure:7705: gcc -c -g -O2  conftest.c >&5
configure:7705: $? = 0
configure:7705: result: yes
configure:7705: checking for string.h
configure:7705: gcc -c -g -O2  conftest.c >&5
configure:7705: $? = 0
configure:7705: result: yes
configure:7705: checking for memory.h
configure:7705: gcc -c -g -O2  conftest.c >&5
configure:7705: $? = 0
configure:7705: result: yes
configure:7705: checking for strings.h
configure:7705: gcc -c -g -O2  conftest.c >&5
configure:7705: $? = 0
configure:7705: result: yes
configure:7705: checking for inttypes.h
configure:7705: gcc -c -g -O2  conftest.c >&5
configure:7705: $? = 0
configure:7705: result: yes
configure:7705: checking for stdint.h
configure:7705: gcc -c -g -O2  conftest.c >&5
configure:7705: $? = 0
configure:7705: result: yes
configure:7705: checking for unistd.h
configure:7705: gcc -c -g -O2  conftest.c >&5
configure:7705: $? = 0
configure:7705: result: yes
configure:7719: checking for dlfcn.h
configure:7719: gcc -c -g -O2  conftest.c >&5
configure:7719: $? = 0
configure:7719: result: yes
configure:7925: checking for objdir
configure:7940: result: .libs
configure:8207: checking if gcc supports -fno-rtti -fno-exceptions
configure:8225: gcc -c -g -O2  -fno-rtti -fno-exceptions conftest.c >&5
cc1: warning: command line option '-fno-rtti' is valid for C++/ObjC++ but not for C [enabled by default]
configure:8229: $? = 0
configure:8242: result: no
configure:8569: checking for gcc option to produce PIC
configure:8576: result: -fPIC -DPIC
configure:8584: checking if gcc PIC flag -fPIC -DPIC works
configure:8602: gcc -c -g -O2  -fPIC -DPIC -DPIC conftest.c >&5
configure:8606: $? = 0
configure:8619: result: yes
configure:8648: checking if gcc static flag -static works
configure:8676: result: yes
configure:8691: checking if gcc supports -c -o file.o
configure:8712: gcc -c -g -O2  -o out/conftest2.o conftest.c >&5
configure:8716: $? = 0
configure:8738: result: yes
configure:8746: checking if gcc supports -c -o file.o
configure:8793: result: yes
configure:8826: checking whether the gcc linker (/usr/bin/ld) supports shared libraries
configure:9983: result: yes
configure:10020: checking whether -lc should be explicitly linked in
configure:10028: gcc -c -g -O2  conftest.c >&5
configure:10031: $? = 0
configure:10046: gcc -shared  -fPIC -DPIC conftest.o  -v -Wl,-soname -Wl,conftest -o conftest 2\>\&1 \| /bin/grep  -lc  \>/dev/null 2\>\&1
configure:10049: $? = 0
configure:10063: result: no
configure:10223: checking dynamic linker characteristics
configure:10723: gcc -o conftest -g -O2   -Wl,-rpath -Wl,/foo conftest.c  >&5
configure:10723: $? = 0
configure:10957: result: GNU/Linux ld.so
configure:11064: checking how to hardcode library paths into programs
configure:11089: result: immediate
configure:11629: checking whether stripping libraries is possible
configure:11634: result: yes
configure:11669: checking if libtool supports shared libraries
configure:11671: result: yes
configure:11674: checking whether to build shared libraries
configure:11695: result: yes
configure:11698: checking whether to build static libraries
configure:11702: result: yes
configure:11754: checking size of long
configure:11759: gcc -o conftest -g -O2   conftest.c  >&5
configure:11759: $? = 0
configure:11759: ./conftest
configure:11759: $? = 0
configure:11773: result: 4
configure:11787: checking size of int
configure:11792: gcc -o conftest -g -O2   conftest.c  >&5
configure:11792: $? = 0
configure:11792: ./conftest
configure:11792: $? = 0
configure:11806: result: 4
configure:11820: checking size of void *
configure:11825: gcc -o conftest -g -O2   conftest.c  >&5
configure:11825: $? = 0
configure:11825: ./conftest
configure:11825: $? = 0
configure:11839: result: 4
configure:11853: checking sys/poll.h usability
configure:11853: gcc -c -g -O2  conftest.c >&5
configure:11853: $? = 0
configure:11853: result: yes
configure:11853: checking sys/poll.h presence
configure:11853: gcc -E  conftest.c
configure:11853: $? = 0
configure:11853: result: yes
configure:11853: checking for sys/poll.h
configure:11853: result: yes
configure:11870: checking for epoll(2) support
configure:11889: gcc -o conftest -g -O2   conftest.c  >&5
configure:11889: $? = 0
configure:11889: ./conftest
configure:11889: $? = 0
configure:11899: result: yes
configure:11939: checking for CFLAGS needed for pthreads
configure:11971: gcc -o conftest -g -O2 -kthread   conftest.c  >&5
gcc: error: unrecognized command line option '-kthread'
configure:11971: $? = 1
configure: program exited with status 1
configure: failed program was:
| /* confdefs.h */
| #define PACKAGE_NAME "nopoll"
| #define PACKAGE_TARNAME "nopoll"
| #define PACKAGE_VERSION "0.4.5.b375"
| #define PACKAGE_STRING "nopoll 0.4.5.b375"
| #define PACKAGE_BUGREPORT ""
| #define PACKAGE_URL ""
| #define PACKAGE "nopoll"
| #define VERSION "0.4.5.b375"
| #define STDC_HEADERS 1
| #define HAVE_SYS_TYPES_H 1
| #define HAVE_SYS_STAT_H 1
| #define HAVE_STDLIB_H 1
| #define HAVE_STRING_H 1
| #define HAVE_MEMORY_H 1
| #define HAVE_STRINGS_H 1
| #define HAVE_INTTYPES_H 1
| #define HAVE_STDINT_H 1
| #define HAVE_UNISTD_H 1
| #define HAVE_DLFCN_H 1
| #define LT_OBJDIR ".libs/"
| #define SIZEOF_LONG 4
| #define SIZEOF_INT 4
| #define SIZEOF_VOID_P 4
| /* end confdefs.h.  */
| 
| #include <pthread.h>
| #include <stddef.h>
| 
| void *thread_routine(void *data) {
|     return data;
| }
| 
| int main() {
|     pthread_t thd;
|     pthread_mutexattr_t mattr;
|     pthread_once_t once_init = PTHREAD_ONCE_INIT;
|     int data = 1;
|     pthread_mutexattr_init(&mattr);
|     return pthread_create(&thd, NULL, thread_routine, &data);
| }
configure:11971: gcc -o conftest -g -O2 -pthread   conftest.c  >&5
configure:11971: $? = 0
configure:11971: ./conftest
configure:11971: $? = 0
configure:11993: result: -pthread
configure:12002: checking for LIBS needed for pthreads
configure:12034: gcc -o conftest -g -O2   conftest.c  -lpthread >&5
configure:12034: $? = 0
configure:12034: ./conftest
configure:12034: $? = 0
configure:12056: result: -lpthread
configure:12073: checking whether CC supports -fstack-protector-all -Wstack-protector
configure:12086: gcc -c -fstack-protector-all -Wstack-protector  conftest.c >&5
configure:12086: $? = 0
configure:12087: result: yes
configure:12115: checking openssl/ssl.h usability
configure:12115: gcc -c -g -O2  conftest.c >&5
configure:12115: $? = 0
configure:12115: result: yes
configure:12115: checking openssl/ssl.h presence
configure:12115: gcc -E  conftest.c
configure:12115: $? = 0
configure:12115: result: yes
configure:12115: checking for openssl/ssl.h
configure:12115: result: yes
configure:12130: checking for SSLv3_method in -lssl
configure:12155: gcc -o conftest -g -O2   conftest.c -lssl   >&5
//usr/local/lib/libssl.so: undefined reference to `X509_get_signature_nid'
//usr/local/lib/libssl.so: undefined reference to `EVP_aes_128_cbc_hmac_sha256'
//usr/local/lib/libssl.so: undefined reference to `X509_chain_up_ref'
//usr/local/lib/libssl.so: undefined reference to `X509_chain_check_suiteb'
//usr/local/lib/libssl.so: undefined reference to `EVP_idea_cbc'
//usr/local/lib/libssl.so: undefined reference to `EC_curve_nist2nid'
//usr/local/lib/libssl.so: undefined reference to `EVP_aes_256_cbc_hmac_sha256'
collect2: error: ld returned 1 exit status
configure:12155: $? = 1
configure: failed program was:
| /* confdefs.h */
| #define PACKAGE_NAME "nopoll"
| #define PACKAGE_TARNAME "nopoll"
| #define PACKAGE_VERSION "0.4.5.b375"
| #define PACKAGE_STRING "nopoll 0.4.5.b375"
| #define PACKAGE_BUGREPORT ""
| #define PACKAGE_URL ""
| #define PACKAGE "nopoll"
| #define VERSION "0.4.5.b375"
| #define STDC_HEADERS 1
| #define HAVE_SYS_TYPES_H 1
| #define HAVE_SYS_STAT_H 1
| #define HAVE_STDLIB_H 1
| #define HAVE_STRING_H 1
| #define HAVE_MEMORY_H 1
| #define HAVE_STRINGS_H 1
| #define HAVE_INTTYPES_H 1
| #define HAVE_STDINT_H 1
| #define HAVE_UNISTD_H 1
| #define HAVE_DLFCN_H 1
| #define LT_OBJDIR ".libs/"
| #define SIZEOF_LONG 4
| #define SIZEOF_INT 4
| #define SIZEOF_VOID_P 4
| /* end confdefs.h.  */
| 
| /* Override any GCC internal prototype to avoid an error.
|    Use char because int might match the return type of a GCC
|    builtin and then its argument prototype would still apply.  */
| #ifdef __cplusplus
| extern "C"
| #endif
| char SSLv3_method ();
| int
| main ()
| {
| return SSLv3_method ();
|   ;
|   return 0;
| }
configure:12164: result: no
configure:12181: checking for SSLv23_method in -lssl
configure:12206: gcc -o conftest -g -O2   conftest.c -lssl   >&5
//usr/local/lib/libssl.so: undefined reference to `X509_get_signature_nid'
//usr/local/lib/libssl.so: undefined reference to `EVP_aes_128_cbc_hmac_sha256'
//usr/local/lib/libssl.so: undefined reference to `X509_chain_up_ref'
//usr/local/lib/libssl.so: undefined reference to `X509_chain_check_suiteb'
//usr/local/lib/libssl.so: undefined reference to `EVP_idea_cbc'
//usr/local/lib/libssl.so: undefined reference to `EC_curve_nist2nid'
//usr/local/lib/libssl.so: undefined reference to `EVP_aes_256_cbc_hmac_sha256'
collect2: error: ld returned 1 exit status
configure:12206: $? = 1
configure: failed program was:
| /* confdefs.h */
| #define PACKAGE_NAME "nopoll"
| #define PACKAGE_TARNAME "nopoll"
| #define PACKAGE_VERSION "0.4.5.b375"
| #define PACKAGE_STRING "nopoll 0.4.5.b375"
| #define PACKAGE_BUGREPORT ""
| #define PACKAGE_URL ""
| #define PACKAGE "nopoll"
| #define VERSION "0.4.5.b375"
| #define STDC_HEADERS 1
| #define HAVE_SYS_TYPES_H 1
| #define HAVE_SYS_STAT_H 1
| #define HAVE_STDLIB_H 1
| #define HAVE_STRING_H 1
| #define HAVE_MEMORY_H 1
| #define HAVE_STRINGS_H 1
| #define HAVE_INTTYPES_H 1
| #define HAVE_STDINT_H 1
| #define HAVE_UNISTD_H 1
| #define HAVE_DLFCN_H 1
| #define LT_OBJDIR ".libs/"
| #define SIZEOF_LONG 4
| #define SIZEOF_INT 4
| #define SIZEOF_VOID_P 4
| /* end confdefs.h.  */
| 
| /* Override any GCC internal prototype to avoid an error.
|    Use char because int might match the return type of a GCC
|    builtin and then its argument prototype would still apply.  */
| #ifdef __cplusplus
| extern "C"
| #endif
| char SSLv23_method ();
| int
| main ()
| {
| return SSLv23_method ();
|   ;
|   return 0;
| }
configure:12215: result: no
configure:12231: checking for TLSv1_method in -lssl
configure:12256: gcc -o conftest -g -O2   conftest.c -lssl   >&5
//usr/local/lib/libssl.so: undefined reference to `X509_get_signature_nid'
//usr/local/lib/libssl.so: undefined reference to `EVP_aes_128_cbc_hmac_sha256'
//usr/local/lib/libssl.so: undefined reference to `X509_chain_up_ref'
//usr/local/lib/libssl.so: undefined reference to `X509_chain_check_suiteb'
//usr/local/lib/libssl.so: undefined reference to `EVP_idea_cbc'
//usr/local/lib/libssl.so: undefined reference to `EC_curve_nist2nid'
//usr/local/lib/libssl.so: undefined reference to `EVP_aes_256_cbc_hmac_sha256'
collect2: error: ld returned 1 exit status
configure:12256: $? = 1
configure: failed program was:
| /* confdefs.h */
| #define PACKAGE_NAME "nopoll"
| #define PACKAGE_TARNAME "nopoll"
| #define PACKAGE_VERSION "0.4.5.b375"
| #define PACKAGE_STRING "nopoll 0.4.5.b375"
| #define PACKAGE_BUGREPORT ""
| #define PACKAGE_URL ""
| #define PACKAGE "nopoll"
| #define VERSION "0.4.5.b375"
| #define STDC_HEADERS 1
| #define HAVE_SYS_TYPES_H 1
| #define HAVE_SYS_STAT_H 1
| #define HAVE_STDLIB_H 1
| #define HAVE_STRING_H 1
| #define HAVE_MEMORY_H 1
| #define HAVE_STRINGS_H 1
| #define HAVE_INTTYPES_H 1
| #define HAVE_STDINT_H 1
| #define HAVE_UNISTD_H 1
| #define HAVE_DLFCN_H 1
| #define LT_OBJDIR ".libs/"
| #define SIZEOF_LONG 4
| #define SIZEOF_INT 4
| #define SIZEOF_VOID_P 4
| /* end confdefs.h.  */
| 
| /* Override any GCC internal prototype to avoid an error.
|    Use char because int might match the return type of a GCC
|    builtin and then its argument prototype would still apply.  */
| #ifdef __cplusplus
| extern "C"
| #endif
| char TLSv1_method ();
| int
| main ()
| {
| return TLSv1_method ();
|   ;
|   return 0;
| }
configure:12265: result: no
configure:12281: checking for TLSv1_1_method in -lssl
configure:12306: gcc -o conftest -g -O2   conftest.c -lssl   >&5
//usr/local/lib/libssl.so: undefined reference to `X509_get_signature_nid'
//usr/local/lib/libssl.so: undefined reference to `EVP_aes_128_cbc_hmac_sha256'
//usr/local/lib/libssl.so: undefined reference to `X509_chain_up_ref'
//usr/local/lib/libssl.so: undefined reference to `X509_chain_check_suiteb'
//usr/local/lib/libssl.so: undefined reference to `EVP_idea_cbc'
//usr/local/lib/libssl.so: undefined reference to `EC_curve_nist2nid'
//usr/local/lib/libssl.so: undefined reference to `EVP_aes_256_cbc_hmac_sha256'
collect2: error: ld returned 1 exit status
configure:12306: $? = 1
configure: failed program was:
| /* confdefs.h */
| #define PACKAGE_NAME "nopoll"
| #define PACKAGE_TARNAME "nopoll"
| #define PACKAGE_VERSION "0.4.5.b375"
| #define PACKAGE_STRING "nopoll 0.4.5.b375"
| #define PACKAGE_BUGREPORT ""
| #define PACKAGE_URL ""
| #define PACKAGE "nopoll"
| #define VERSION "0.4.5.b375"
| #define STDC_HEADERS 1
| #define HAVE_SYS_TYPES_H 1
| #define HAVE_SYS_STAT_H 1
| #define HAVE_STDLIB_H 1
| #define HAVE_STRING_H 1
| #define HAVE_MEMORY_H 1
| #define HAVE_STRINGS_H 1
| #define HAVE_INTTYPES_H 1
| #define HAVE_STDINT_H 1
| #define HAVE_UNISTD_H 1
| #define HAVE_DLFCN_H 1
| #define LT_OBJDIR ".libs/"
| #define SIZEOF_LONG 4
| #define SIZEOF_INT 4
| #define SIZEOF_VOID_P 4
| /* end confdefs.h.  */
| 
| /* Override any GCC internal prototype to avoid an error.
|    Use char because int might match the return type of a GCC
|    builtin and then its argument prototype would still apply.  */
| #ifdef __cplusplus
| extern "C"
| #endif
| char TLSv1_1_method ();
| int
| main ()
| {
| return TLSv1_1_method ();
|   ;
|   return 0;
| }
configure:12315: result: no
configure:12331: checking for TLSv1_2_method in -lssl
configure:12356: gcc -o conftest -g -O2   conftest.c -lssl   >&5
//usr/local/lib/libssl.so: undefined reference to `X509_get_signature_nid'
//usr/local/lib/libssl.so: undefined reference to `EVP_aes_128_cbc_hmac_sha256'
//usr/local/lib/libssl.so: undefined reference to `X509_chain_up_ref'
//usr/local/lib/libssl.so: undefined reference to `X509_chain_check_suiteb'
//usr/local/lib/libssl.so: undefined reference to `EVP_idea_cbc'
//usr/local/lib/libssl.so: undefined reference to `EC_curve_nist2nid'
//usr/local/lib/libssl.so: undefined reference to `EVP_aes_256_cbc_hmac_sha256'
collect2: error: ld returned 1 exit status
configure:12356: $? = 1
configure: failed program was:
| /* confdefs.h */
| #define PACKAGE_NAME "nopoll"
| #define PACKAGE_TARNAME "nopoll"
| #define PACKAGE_VERSION "0.4.5.b375"
| #define PACKAGE_STRING "nopoll 0.4.5.b375"
| #define PACKAGE_BUGREPORT ""
| #define PACKAGE_URL ""
| #define PACKAGE "nopoll"
| #define VERSION "0.4.5.b375"
| #define STDC_HEADERS 1
| #define HAVE_SYS_TYPES_H 1
| #define HAVE_SYS_STAT_H 1
| #define HAVE_STDLIB_H 1
| #define HAVE_STRING_H 1
| #define HAVE_MEMORY_H 1
| #define HAVE_STRINGS_H 1
| #define HAVE_INTTYPES_H 1
| #define HAVE_STDINT_H 1
| #define HAVE_UNISTD_H 1
| #define HAVE_DLFCN_H 1
| #define LT_OBJDIR ".libs/"
| #define SIZEOF_LONG 4
| #define SIZEOF_INT 4
| #define SIZEOF_VOID_P 4
| /* end confdefs.h.  */
| 
| /* Override any GCC internal prototype to avoid an error.
|    Use char because int might match the return type of a GCC
|    builtin and then its argument prototype would still apply.  */
| #ifdef __cplusplus
| extern "C"
| #endif
| char TLSv1_2_method ();
| int
| main ()
| {
| return TLSv1_2_method ();
|   ;
|   return 0;
| }
configure:12365: result: no
configure:12381: checking for TLS_client_method in -lssl
configure:12406: gcc -o conftest -g -O2   conftest.c -lssl   >&5
/tmp/ccdVS0Kk.o: In function `main':
/home/ubuntu/cwf/cwf/nopoll/nopoll-0.4.5.b375/conftest.c:37: undefined reference to `TLS_client_method'
collect2: error: ld returned 1 exit status
configure:12406: $? = 1
configure: failed program was:
| /* confdefs.h */
| #define PACKAGE_NAME "nopoll"
| #define PACKAGE_TARNAME "nopoll"
| #define PACKAGE_VERSION "0.4.5.b375"
| #define PACKAGE_STRING "nopoll 0.4.5.b375"
| #define PACKAGE_BUGREPORT ""
| #define PACKAGE_URL ""
| #define PACKAGE "nopoll"
| #define VERSION "0.4.5.b375"
| #define STDC_HEADERS 1
| #define HAVE_SYS_TYPES_H 1
| #define HAVE_SYS_STAT_H 1
| #define HAVE_STDLIB_H 1
| #define HAVE_STRING_H 1
| #define HAVE_MEMORY_H 1
| #define HAVE_STRINGS_H 1
| #define HAVE_INTTYPES_H 1
| #define HAVE_STDINT_H 1
| #define HAVE_UNISTD_H 1
| #define HAVE_DLFCN_H 1
| #define LT_OBJDIR ".libs/"
| #define SIZEOF_LONG 4
| #define SIZEOF_INT 4
| #define SIZEOF_VOID_P 4
| /* end confdefs.h.  */
| 
| /* Override any GCC internal prototype to avoid an error.
|    Use char because int might match the return type of a GCC
|    builtin and then its argument prototype would still apply.  */
| #ifdef __cplusplus
| extern "C"
| #endif
| char TLS_client_method ();
| int
| main ()
| {
| return TLS_client_method ();
|   ;
|   return 0;
| }
configure:12415: result: no
configure:12450: gcc -o conftest -g -O2   conftest.c  >&5
conftest.c: In function 'main':
conftest.c:33:3: error: incompatible type for argument 3 of 'vasprintf'
   return vasprintf (&result, "This is a test: %d", NULL);
   ^
In file included from /usr/include/features.h:374:0,
                 from /usr/include/stdio.h:27,
                 from conftest.c:27:
/usr/include/arm-linux-gnueabihf/bits/stdio2.h:207:1: note: expected '__gnuc_va_list' but argument is of type 'void *'
 __NTH (vasprintf (char **__restrict __ptr, const char *__restrict __fmt,
 ^
configure:12450: $? = 1
configure: failed program was:
| /* confdefs.h */
| #define PACKAGE_NAME "nopoll"
| #define PACKAGE_TARNAME "nopoll"
| #define PACKAGE_VERSION "0.4.5.b375"
| #define PACKAGE_STRING "nopoll 0.4.5.b375"
| #define PACKAGE_BUGREPORT ""
| #define PACKAGE_URL ""
| #define PACKAGE "nopoll"
| #define VERSION "0.4.5.b375"
| #define STDC_HEADERS 1
| #define HAVE_SYS_TYPES_H 1
| #define HAVE_SYS_STAT_H 1
| #define HAVE_STDLIB_H 1
| #define HAVE_STRING_H 1
| #define HAVE_MEMORY_H 1
| #define HAVE_STRINGS_H 1
| #define HAVE_INTTYPES_H 1
| #define HAVE_STDINT_H 1
| #define HAVE_UNISTD_H 1
| #define HAVE_DLFCN_H 1
| #define LT_OBJDIR ".libs/"
| #define SIZEOF_LONG 4
| #define SIZEOF_INT 4
| #define SIZEOF_VOID_P 4
| /* end confdefs.h.  */
| #define _GNU_SOURCE
| #include <stdio.h>
| int
| main ()
| {
| 
|   char * result;
|   return vasprintf (&result, "This is a test: %d", NULL);
| 
|   ;
|   return 0;
| }
configure:12477: checking for doxygen
configure:12505: result: no
configure:12640: checking that generated files are newer than configure
configure:12646: result: done
configure:12697: creating ./config.status

## ---------------------- ##
## Running config.status. ##
## ---------------------- ##

This file was extended by nopoll config.status 0.4.5.b375, which was
generated by GNU Autoconf 2.69.  Invocation command line was

  CONFIG_FILES    = 
  CONFIG_HEADERS  = 
  CONFIG_LINKS    = 
  CONFIG_COMMANDS = 
  $ ./config.status 

on tegra-ubuntu

config.status:1163: creating Makefile
config.status:1163: creating src/Makefile
config.status:1163: creating doc/Makefile
config.status:1163: creating doc/nopoll.doxygen
config.status:1163: creating test/Makefile
config.status:1163: creating nopoll.pc
config.status:1163: creating config.h
config.status:1344: config.h is unchanged
config.status:1392: executing depfiles commands
config.status:1392: executing libtool commands
config.status:1392: executing nopoll_config.h commands
config.status:2200: nopoll_config.h is unchanged

## ---------------- ##
## Cache variables. ##
## ---------------- ##

ac_cv_build=armv7l-unknown-linux-gnueabihf
ac_cv_c_compiler_gnu=yes
ac_cv_env_CC_set=
ac_cv_env_CC_value=
ac_cv_env_CFLAGS_set=
ac_cv_env_CFLAGS_value=
ac_cv_env_CPPFLAGS_set=
ac_cv_env_CPPFLAGS_value=
ac_cv_env_CPP_set=
ac_cv_env_CPP_value=
ac_cv_env_LDFLAGS_set=
ac_cv_env_LDFLAGS_value=
ac_cv_env_LIBS_set=
ac_cv_env_LIBS_value=
ac_cv_env_build_alias_set=
ac_cv_env_build_alias_value=
ac_cv_env_host_alias_set=
ac_cv_env_host_alias_value=
ac_cv_env_target_alias_set=
ac_cv_env_target_alias_value=
ac_cv_header_dlfcn_h=yes
ac_cv_header_inttypes_h=yes
ac_cv_header_memory_h=yes
ac_cv_header_openssl_ssl_h=yes
ac_cv_header_stdc=yes
ac_cv_header_stdint_h=yes
ac_cv_header_stdlib_h=yes
ac_cv_header_string_h=yes
ac_cv_header_strings_h=yes
ac_cv_header_sys_poll_h=yes
ac_cv_header_sys_stat_h=yes
ac_cv_header_sys_types_h=yes
ac_cv_header_unistd_h=yes
ac_cv_host=armv7l-unknown-linux-gnueabihf
ac_cv_lib_ssl_SSLv23_method=no
ac_cv_lib_ssl_SSLv3_method=no
ac_cv_lib_ssl_TLS_client_method=no
ac_cv_lib_ssl_TLSv1_1_method=no
ac_cv_lib_ssl_TLSv1_2_method=no
ac_cv_lib_ssl_TLSv1_method=no
ac_cv_objext=o
ac_cv_path_EGREP='/bin/grep -E'
ac_cv_path_FGREP='/bin/grep -F'
ac_cv_path_GREP=/bin/grep
ac_cv_path_SED=/bin/sed
ac_cv_path_install='/usr/bin/install -c'
ac_cv_path_mkdir=/bin/mkdir
ac_cv_prog_AWK=mawk
ac_cv_prog_CPP='gcc -E'
ac_cv_prog_DOXYGEN=no
ac_cv_prog_ac_ct_AR=ar
ac_cv_prog_ac_ct_CC=gcc
ac_cv_prog_ac_ct_MANIFEST_TOOL=mt
ac_cv_prog_ac_ct_OBJDUMP=objdump
ac_cv_prog_ac_ct_RANLIB=ranlib
ac_cv_prog_ac_ct_STRIP=strip
ac_cv_prog_cc_c89=
ac_cv_prog_cc_g=yes
ac_cv_prog_make_make_set=yes
ac_cv_search_strerror='none required'
ac_cv_sizeof_int=4
ac_cv_sizeof_long=4
ac_cv_sizeof_void_p=4
am_cv_CC_dependencies_compiler_type=gcc3
am_cv_make_support_nested_variables=yes
am_cv_prog_cc_c_o=yes
enable_cv_epoll=yes
lt_cv_ar_at_file=@
lt_cv_archive_cmds_need_lc=no
lt_cv_deplibs_check_method=pass_all
lt_cv_file_magic_cmd='$MAGIC_CMD'
lt_cv_file_magic_test_file=
lt_cv_ld_reload_flag=-r
lt_cv_nm_interface='BSD nm'
lt_cv_objdir=.libs
lt_cv_path_LD=/usr/bin/ld
lt_cv_path_NM='/usr/bin/nm -B'
lt_cv_path_mainfest_tool=no
lt_cv_prog_compiler_c_o=yes
lt_cv_prog_compiler_pic='-fPIC -DPIC'
lt_cv_prog_compiler_pic_works=yes
lt_cv_prog_compiler_rtti_exceptions=no
lt_cv_prog_compiler_static_works=yes
lt_cv_prog_gnu_ld=yes
lt_cv_sharedlib_from_linklib_cmd='printf %s\n'
lt_cv_shlibpath_overrides_runpath=no
lt_cv_sys_global_symbol_pipe='sed -n -e '\''s/^.*[	 ]\([ABCDGIRSTW][ABCDGIRSTW]*\)[	 ][	 ]*\([_A-Za-z][_A-Za-z0-9]*\)$/\1 \2 \2/p'\'' | sed '\''/ __gnu_lto/d'\'''
lt_cv_sys_global_symbol_to_c_name_address='sed -n -e '\''s/^: \([^ ]*\)[ ]*$/  {\"\1\", (void *) 0},/p'\'' -e '\''s/^[ABCDGIRSTW]* \([^ ]*\) \([^ ]*\)$/  {"\2", (void *) \&\2},/p'\'''
lt_cv_sys_global_symbol_to_c_name_address_lib_prefix='sed -n -e '\''s/^: \([^ ]*\)[ ]*$/  {\"\1\", (void *) 0},/p'\'' -e '\''s/^[ABCDGIRSTW]* \([^ ]*\) \(lib[^ ]*\)$/  {"\2", (void *) \&\2},/p'\'' -e '\''s/^[ABCDGIRSTW]* \([^ ]*\) \([^ ]*\)$/  {"lib\2", (void *) \&\2},/p'\'''
lt_cv_sys_global_symbol_to_cdecl='sed -n -e '\''s/^T .* \(.*\)$/extern int \1();/p'\'' -e '\''s/^[ABCDGIRSTW]* .* \(.*\)$/extern char \1;/p'\'''
lt_cv_sys_max_cmd_len=1572864
lt_cv_to_host_file_cmd=func_convert_file_noop
lt_cv_to_tool_file_cmd=func_convert_file_noop
nopoll_cv_pthreads_cflags=-pthread
nopoll_cv_pthreads_lib=-lpthread

## ----------------- ##
## Output variables. ##
## ----------------- ##

ACLOCAL='${SHELL} /home/ubuntu/cwf/cwf/nopoll/nopoll-0.4.5.b375/missing aclocal-1.14'
AMDEPBACKSLASH='\'
AMDEP_FALSE='#'
AMDEP_TRUE=''
AMTAR='$${TAR-tar}'
AM_BACKSLASH='\'
AM_CFLAGS='-fstack-protector-all -Wstack-protector'
AM_DEFAULT_V='$(AM_DEFAULT_VERBOSITY)'
AM_DEFAULT_VERBOSITY='1'
AM_V='$(V)'
AR='ar'
AUTOCONF='${SHELL} /home/ubuntu/cwf/cwf/nopoll/nopoll-0.4.5.b375/missing autoconf'
AUTOHEADER='${SHELL} /home/ubuntu/cwf/cwf/nopoll/nopoll-0.4.5.b375/missing autoheader'
AUTOMAKE='${SHELL} /home/ubuntu/cwf/cwf/nopoll/nopoll-0.4.5.b375/missing automake-1.14'
AWK='mawk'
CC='gcc'
CCDEPMODE='depmode=gcc3'
CFLAGS='-g -O2'
CPP='gcc -E'
CPPFLAGS=''
CYGPATH_W='echo'
DEFAULT_EPOLL_FALSE='#'
DEFAULT_EPOLL_TRUE=''
DEFAULT_POLL_FALSE=''
DEFAULT_POLL_TRUE='#'
DEFS='-DHAVE_CONFIG_H'
DEPDIR='.deps'
DLLTOOL='false'
DOXYGEN='no'
DSYMUTIL=''
DUMPBIN=''
ECHO_C=''
ECHO_N='-n'
ECHO_T=''
EGREP='/bin/grep -E'
ENABLE_EPOLL_SUPPORT_FALSE='#'
ENABLE_EPOLL_SUPPORT_TRUE=''
ENABLE_NOPOLL_DOC_FALSE=''
ENABLE_NOPOLL_DOC_TRUE='#'
ENABLE_NOPOLL_LOG_FALSE='#'
ENABLE_NOPOLL_LOG_TRUE=''
ENABLE_POLL_SUPPORT_FALSE='#'
ENABLE_POLL_SUPPORT_TRUE=''
EXEEXT=''
FGREP='/bin/grep -F'
GREP='/bin/grep'
INSTALL_DATA='${INSTALL} -m 644'
INSTALL_PROGRAM='${INSTALL}'
INSTALL_SCRIPT='${INSTALL}'
INSTALL_STRIP_PROGRAM='$(install_sh) -c -s'
LD='/usr/bin/ld'
LDFLAGS=''
LIBOBJS=''
LIBS=''
LIBTOOL='$(SHELL) $(top_builddir)/libtool'
LIPO=''
LN_S='ln -s'
LTLIBOBJS=''
MAINT='#'
MAINTAINER_MODE_FALSE=''
MAINTAINER_MODE_TRUE='#'
MAKEINFO='${SHELL} /home/ubuntu/cwf/cwf/nopoll/nopoll-0.4.5.b375/missing makeinfo'
MANIFEST_TOOL=':'
MKDIR_P='/bin/mkdir -p'
NM='/usr/bin/nm -B'
NMEDIT=''
NOPOLL_VERSION='0.4.5.b375'
OBJDUMP='objdump'
OBJEXT='o'
OTOOL64=''
OTOOL=''
PACKAGE='nopoll'
PACKAGE_BUGREPORT=''
PACKAGE_NAME='nopoll'
PACKAGE_STRING='nopoll 0.4.5.b375'
PACKAGE_TARNAME='nopoll'
PACKAGE_URL=''
PACKAGE_VERSION='0.4.5.b375'
PATH_SEPARATOR=':'
PTHREAD_CFLAGS='-pthread'
PTHREAD_LIBS='-lpthread'
RANLIB='ranlib'
SED='/bin/sed'
SET_MAKE=''
SHARED_EXTENSION='.so'
SHELL='/bin/bash'
STRIP='strip'
TLS_LIBS='-lssl -lcrypto'
VERSION='0.4.5.b375'
WS2_LIBS=''
ac_ct_AR='ar'
ac_ct_CC='gcc'
ac_ct_DUMPBIN=''
am__EXEEXT_FALSE=''
am__EXEEXT_TRUE='#'
am__fastdepCC_FALSE='#'
am__fastdepCC_TRUE=''
am__include='include'
am__isrc=''
am__leading_dot='.'
am__nodep='_no'
am__quote=''
am__tar='$${TAR-tar} chof - "$$tardir"'
am__untar='$${TAR-tar} xf -'
bindir='${exec_prefix}/bin'
build='armv7l-unknown-linux-gnueabihf'
build_alias=''
build_cpu='armv7l'
build_os='linux-gnueabihf'
build_vendor='unknown'
compiler_options='-Wstrict-prototypes -Wall -Werror -ansi'
datadir='${datarootdir}'
datarootdir='${prefix}/share'
docdir='${datarootdir}/doc/${PACKAGE_TARNAME}'
dvidir='${docdir}'
exec_prefix='${prefix}'
host='armv7l-unknown-linux-gnueabihf'
host_alias=''
host_cpu='armv7l'
host_os='linux-gnueabihf'
host_vendor='unknown'
htmldir='${docdir}'
includedir='${prefix}/include'
infodir='${datarootdir}/info'
install_sh='${SHELL} /home/ubuntu/cwf/cwf/nopoll/nopoll-0.4.5.b375/install-sh'
libdir='${exec_prefix}/lib'
libexecdir='${exec_prefix}/libexec'
localedir='${datarootdir}/locale'
localstatedir='${prefix}/var'
mandir='${datarootdir}/man'
mkdir_p='$(MKDIR_P)'
oldincludedir='/usr/include'
pdfdir='${docdir}'
prefix='/usr/local'
program_transform_name='s,x,x,'
psdir='${docdir}'
sbindir='${exec_prefix}/sbin'
sharedstatedir='${prefix}/com'
sysconfdir='${prefix}/etc'
target_alias=''

## ----------- ##
## confdefs.h. ##
## ----------- ##

/* confdefs.h */
#define PACKAGE_NAME "nopoll"
#define PACKAGE_TARNAME "nopoll"
#define PACKAGE_VERSION "0.4.5.b375"
#define PACKAGE_STRING "nopoll 0.4.5.b375"
#define PACKAGE_BUGREPORT ""
#define PACKAGE_URL ""
#define PACKAGE "nopoll"
#define VERSION "0.4.5.b375"
#define STDC_HEADERS 1
#define HAVE_SYS_TYPES_H 1
#define HAVE_SYS_STAT_H 1
#define HAVE_STDLIB_H 1
#define HAVE_STRING_H 1
#define HAVE_MEMORY_H 1
#define HAVE_STRINGS_H 1
#define HAVE_INTTYPES_H 1
#define HAVE_STDINT_H 1
#define HAVE_UNISTD_H 1
#define HAVE_DLFCN_H 1
#define LT_OBJDIR ".libs/"
#define SIZEOF_LONG 4
#define SIZEOF_INT 4
#define SIZEOF_VOID_P 4

configure: exit 0
