Sat Oct 7 14:13:57 CST 2017
modprobe: ERROR: ../libkmod/libkmod.c:556 kmod_search_moddep() could not open moddep file '/lib/modules/3.10.40-g3a0f926-dirty/modules.dep.bin'
layer     filters    size              input                output
    0 conv     16  3 x 3 / 1   416 x 416 x   3   ->   416 x 416 x  16
    1 max          2 x 2 / 2   416 x 416 x  16   ->   208 x 208 x  16
    2 conv     32  3 x 3 / 1   208 x 208 x  16   ->   208 x 208 x  32
    3 max          2 x 2 / 2   208 x 208 x  32   ->   104 x 104 x  32
    4 conv     64  3 x 3 / 1   104 x 104 x  32   ->   104 x 104 x  64
    5 max          2 x 2 / 2   104 x 104 x  64   ->    52 x  52 x  64
    6 conv    128  3 x 3 / 1    52 x  52 x  64   ->    52 x  52 x 128
    7 max          2 x 2 / 2    52 x  52 x 128   ->    26 x  26 x 128
    8 conv    256  3 x 3 / 1    26 x  26 x 128   ->    26 x  26 x 256
    9 max          2 x 2 / 2    26 x  26 x 256   ->    13 x  13 x 256
   10 conv    512  3 x 3 / 1    13 x  13 x 256   ->    13 x  13 x 512
   11 max          2 x 2 / 1    13 x  13 x 512   ->    13 x  13 x 512
   12 conv   1024  3 x 3 / 1    13 x  13 x 512   ->    13 x  13 x1024
   13 conv   1024  3 x 3 / 1    13 x  13 x1024   ->    13 x  13 x1024
   14 conv    125  1 x 1 / 1    13 x  13 x1024   ->    13 x  13 x 125
   15 detection
Loading weights from tiny-yolo-voc.weights...Demo
Done!
Inside NvxLiteH264DecoderLowLatencyInitNvxLiteH264DecoderLowLatencyInit set DPB and MjstreamingNvMMLiteOpen : Block : BlockType = 261 
TVMR: NvMMLiteTVMRDecBlockOpen: 5107: NvMMLiteBlockOpen 
NvMMLiteBlockCreate : Block : BlockType = 261 
TVMR: cbBeginSequence: 584: BeginSequence  1280x720, bVPR = 0
TVMR: cbBeginSequence: 826: DecodeBuffers = 6 
TVMR: cbBeginSequence: 850: Display Resolution : (1280x720) 
TVMR: cbBeginSequence: 851: Display Aspect Ratio : (1280x720) 
TVMR: cbBeginSequence: 1015: SurfaceLayout = 3
TVMR: cbBeginSequence: 1045: NumOfSurfaces = 10, InteraceStream = 0, InterlaceEnabled = 0, bSecure = 0, MVC = 0 Semiplanar = 1, bReinit = 1 
Allocating new output: 1280x720 (x 12), ThumbnailMode = 0
---> TVMR: Video-conferencing detected !!!!!!!!!
video file: rtspsrc location="rtsp://admin:buaa123456@192.168.1.102:554/h264/ch1/main/av_stream"  latency=10 ! rtph264depay ! h264parse ! omxh264dec ! videoconvert ! appsink
[2J[1;1H
FPS:0.0
Objects:

[2J[1;1H
FPS:0.0
Objects:

[2J[1;1H
FPS:0.0
Objects:

[2J[1;1H
FPS:4.4
Objects:

[2J[1;1H
FPS:5.9
Objects:

[2J[1;1H
FPS:6.5
Objects:

[2J[1;1H
FPS:7.0
Objects:

[2J[1;1H
FPS:6.4
Objects:

[2J[1;1H
FPS:5.3
Objects:

[2J[1;1H
FPS:6.0
Objects:

[2J[1;1H
FPS:5.9
Objects:

[2J[1;1H
FPS:6.2
Objects:

[2J[1;1H
FPS:5.9
Objects:

[2J[1;1H
FPS:6.2
Objects:

[2J[1;1H
FPS:6.0
Objects:

[2J[1;1H
FPS:5.6
Objects:

[2J[1;1H
FPS:6.4
Objects:

[2J[1;1H
FPS:6.7
Objects:

[2J[1;1H
FPS:6.4
Objects:

[2J[1;1H
FPS:5.8
Objects:

[2J[1;1H
FPS:5.6
Objects:

[2J[1;1H
FPS:6.5
Objects:

[2J[1;1H
FPS:6.4
Objects:

[2J[1;1H
FPS:7.0
Objects:

[2J[1;1H
FPS:6.2
Objects:

[2J[1;1H
FPS:6.6
Objects:

[2J[1;1H
FPS:6.7
Objects:

[2J[1;1H
FPS:6.6
Objects:

[2J[1;1H
FPS:6.2
Objects:

[2J[1;1H
FPS:6.7
Objects:

[2J[1;1H
FPS:6.5
Objects:

[2J[1;1H
FPS:6.5
Objects:

[2J[1;1H
FPS:5.8
Objects:

[2J[1;1H
FPS:5.5
Objects:

[2J[1;1H
FPS:5.6
Objects:

[2J[1;1H
FPS:6.3
Objects:

[2J[1;1H
FPS:6.9
Objects:

[2J[1;1H
FPS:6.2
Objects:

[2J[1;1H
FPS:6.0
Objects:

[2J[1;1H
FPS:5.5
Objects:

[2J[1;1H
FPS:5.6
Objects:

[2J[1;1H
FPS:5.3
Objects:

[2J[1;1H
FPS:5.9
Objects:

[2J[1;1H
FPS:5.9
Objects:

[2J[1;1H
FPS:5.5
Objects:

[2J[1;1H
FPS:6.6
Objects:

[2J[1;1H
FPS:5.5
Objects:

[2J[1;1H
FPS:5.9
Objects:

[2J[1;1H
FPS:5.2
Objects:

[2J[1;1H
FPS:6.1
Objects:

[2J[1;1H
FPS:6.4
Objects:

[2J[1;1H
FPS:6.8
Objects:

[2J[1;1H
FPS:6.6
Objects:

[2J[1;1H
FPS:6.8
Objects:

[2J[1;1H
FPS:5.9
Objects:

[2J[1;1H
FPS:5.7
Objects:

[2J[1;1H
FPS:5.8
Objects:

[2J[1;1H
FPS:6.1
Objects:

[2J[1;1H
FPS:6.8
Objects:

[2J[1;1H
FPS:6.8
Objects:

[2J[1;1H
FPS:6.1
Objects:

[2J[1;1H
FPS:6.4
Objects:

[2J[1;1H
FPS:6.5
Objects:

[2J[1;1H
FPS:6.5
Objects:

[2J[1;1H
FPS:6.2
Objects:

[2J[1;1H
FPS:5.9
Objects:

[2J[1;1H
FPS:6.2
Objects:

[2J[1;1H
FPS:5.9
Objects:

[2J[1;1H
FPS:5.8
Objects:

[2J[1;1H
FPS:6.6
Objects:

[2J[1;1H
FPS:6.6
Objects:

[2J[1;1H
FPS:6.9
Objects:

[2J[1;1H
FPS:6.7
Objects:

[2J[1;1H
FPS:6.6
Objects:

[2J[1;1H
FPS:6.2
Objects:

[2J[1;1H
FPS:6.9
Objects:

[2J[1;1H
FPS:6.5
Objects:

[2J[1;1H
FPS:5.6
Objects:

[2J[1;1H
FPS:6.7
Objects:

[2J[1;1H
FPS:6.7
Objects:

[2J[1;1H
FPS:5.7
Objects:

[2J[1;1H
FPS:6.5
Objects:

[2J[1;1H
FPS:6.8
Objects:

[2J[1;1H
FPS:6.5
Objects:

[2J[1;1H
FPS:6.6
Objects:

[2J[1;1H
FPS:6.4
Objects:

[2J[1;1H
FPS:7.0
Objects:

[2J[1;1H
FPS:6.4
Objects:

[2J[1;1H
FPS:6.9
Objects:

[2J[1;1H
FPS:7.0
Objects:

[2J[1;1H
FPS:6.5
Objects:

[2J[1;1H
FPS:6.4
Objects:

[2J[1;1H
FPS:6.6
Objects:

[2J[1;1H
FPS:6.4
Objects:

[2J[1;1H
FPS:6.2
Objects:

[2J[1;1H
FPS:6.6
Objects:

[2J[1;1H
FPS:6.4
Objects:

[2J[1;1H
FPS:6.0
Objects:

[2J[1;1H
FPS:6.6
Objects:

[2J[1;1H
FPS:6.6
Objects:

[2J[1;1H
FPS:6.0
Objects:

[2J[1;1H
FPS:5.9
Objects:

[2J[1;1H
FPS:5.7
Objects:

[2J[1;1H
FPS:5.4
Objects:

[2J[1;1H
FPS:5.7
Objects:

[2J[1;1H
FPS:6.1
Objects:

[2J[1;1H
FPS:6.7
Objects:

[2J[1;1H
FPS:7.0
Objects:

[2J[1;1H
FPS:6.9
Objects:

[2J[1;1H
FPS:6.9
Objects:

[2J[1;1H
FPS:6.5
Objects:

[2J[1;1H
FPS:6.8
Objects:

[2J[1;1H
FPS:6.1
Objects:

[2J[1;1H
FPS:5.9
Objects:

[2J[1;1H
FPS:6.8
Objects:

[2J[1;1H
FPS:6.7
Objects:

[2J[1;1H
FPS:6.8
Objects:

[2J[1;1H
FPS:5.1
Objects:

[2J[1;1H
FPS:6.5
Objects:

[2J[1;1H
FPS:6.4
Objects:

[2J[1;1H
FPS:6.8
Objects:

[2J[1;1H
FPS:6.7
Objects:

[2J[1;1H
FPS:6.8
Objects:

[2J[1;1H
FPS:6.5
Objects:

[2J[1;1H
FPS:6.2
Objects:

[2J[1;1H
FPS:6.3
Objects:

[2J[1;1H
FPS:7.0
Objects:

[2J[1;1H
FPS:7.0
Objects:

[2J[1;1H
FPS:6.8
Objects:

[2J[1;1H
FPS:6.9
Objects:

[2J[1;1H
FPS:6.7
Objects:

[2J[1;1H
FPS:6.7
Objects:

[2J[1;1H
FPS:5.7
Objects:

[2J[1;1H
FPS:6.8
Objects:

[2J[1;1H
FPS:6.7
Objects:

[2J[1;1H
FPS:6.7
Objects:

[2J[1;1H
FPS:7.0
Objects:

[2J[1;1H
FPS:6.7
Objects:

[2J[1;1H
FPS:6.1
Objects:

[2J[1;1H
FPS:5.4
Objects:

[2J[1;1H
FPS:6.5
Objects:

[2J[1;1H
FPS:6.6
Objects:

[2J[1;1H
FPS:6.9
Objects:

[2J[1;1H
FPS:6.9
Objects:

[2J[1;1H
FPS:6.7
Objects:

[2J[1;1H
FPS:6.9
Objects:

[2J[1;1H
FPS:6.3
Objects:

[2J[1;1H
FPS:6.8
Objects:

[2J[1;1H
FPS:6.8
Objects:

[2J[1;1H
FPS:6.7
Objects:

[2J[1;1H
FPS:6.7
Objects:

[2J[1;1H
FPS:6.5
Objects:

[2J[1;1H
FPS:6.9
Objects:

[2J[1;1H
FPS:6.5
Objects:

[2J[1;1H
FPS:6.9
Objects:

[2J[1;1H
FPS:6.7
Objects:

[2J[1;1H
FPS:6.4
Objects:

[2J[1;1H
FPS:6.5
Objects:

[2J[1;1H
FPS:6.8
Objects:

[2J[1;1H
FPS:6.5
Objects:

[2J[1;1H
FPS:6.7
Objects:

[2J[1;1H
FPS:6.7
Objects:

[2J[1;1H
FPS:6.7
Objects:

[2J[1;1H
FPS:6.9
Objects:

[2J[1;1H
FPS:6.6
Objects:

[2J[1;1H
FPS:6.3
Objects:

[2J[1;1H
FPS:6.6
Objects:

[2J[1;1H
FPS:6.4
Objects:

[2J[1;1H
FPS:6.9
Objects:

[2J[1;1H
FPS:6.3
Objects:

[2J[1;1H
FPS:6.6
Objects:

[2J[1;1H
FPS:6.7
Objects:

[2J[1;1H
FPS:6.7
Objects:

[2J[1;1H
FPS:6.8
Objects:

[2J[1;1H
FPS:6.6
Objects:

[2J[1;1H
FPS:6.5
Objects:

[2J[1;1H
FPS:6.8
Objects:

[2J[1;1H
FPS:6.4
Objects:

[2J[1;1H
FPS:6.7
Objects:

[2J[1;1H
FPS:7.0
Objects:

[2J[1;1H
FPS:6.9
Objects:

[2J[1;1H
FPS:6.8
Objects:

[2J[1;1H
FPS:6.7
Objects:

[2J[1;1H
FPS:6.5
Objects:

[2J[1;1H
FPS:6.7
Objects:

[2J[1;1H
FPS:6.7
Objects:

[2J[1;1H
FPS:6.7
Objects:

[2J[1;1H
FPS:6.9
Objects:

[2J[1;1H
FPS:7.0
Objects:

[2J[1;1H
FPS:6.8
Objects:

[2J[1;1H
FPS:6.4
Objects:

[2J[1;1H
FPS:6.6
Objects:

[2J[1;1H
FPS:6.2
Objects:

[2J[1;1H
FPS:6.8
Objects:

[2J[1;1H
FPS:6.8
Objects:

[2J[1;1H
FPS:6.7
Objects:

[2J[1;1H
FPS:6.6
Objects:

[2J[1;1H
FPS:6.4
Objects:

[2J[1;1H
FPS:6.4
Objects:

[2J[1;1H
FPS:6.5
Objects:

[2J[1;1H
FPS:7.1
Objects:

[2J[1;1H
FPS:5.2
Objects:

[2J[1;1H
FPS:5.8
Objects:

[2J[1;1H
FPS:4.0
Objects:

[2J[1;1H
FPS:5.6
Objects:

[2J[1;1H
FPS:6.1
Objects:

[2J[1;1H
FPS:5.6
Objects:

[2J[1;1H
FPS:6.1
Objects:

[2J[1;1H
FPS:6.3
Objects:

[2J[1;1H
FPS:6.2
Objects:

[2J[1;1H
FPS:6.7
Objects:

[2J[1;1H
FPS:6.5
Objects:

[2J[1;1H
FPS:5.8
Objects:

[2J[1;1H
FPS:6.2
Objects:

[2J[1;1H
FPS:7.0
Objects:

[2J[1;1H
FPS:6.7
Objects:

[2J[1;1H
FPS:6.6
Objects:

[2J[1;1H
FPS:6.7
Objects:

[2J[1;1H
FPS:6.3
Objects:

[2J[1;1H
FPS:6.6
Objects:

[2J[1;1H
FPS:6.9
Objects:

[2J[1;1H
FPS:6.4
Objects:

[2J[1;1H
FPS:6.0
Objects:

[2J[1;1H
FPS:6.4
Objects:

[2J[1;1H
FPS:6.1
Objects:

[2J[1;1H
FPS:6.7
Objects:

[2J[1;1H
FPS:6.5
Objects:

[2J[1;1H
FPS:6.8
Objects:

[2J[1;1H
FPS:7.0
Objects:

[2J[1;1H
FPS:6.7
Objects:

[2J[1;1H
FPS:6.7
Objects:

[2J[1;1H
FPS:7.1
Objects:

[2J[1;1H
FPS:7.0
Objects:

[2J[1;1H
FPS:6.3
Objects:

[2J[1;1H
FPS:6.7
Objects:

[2J[1;1H
FPS:6.8
Objects:

[2J[1;1H
FPS:6.8
Objects:

[2J[1;1H
FPS:7.3
Objects:

[2J[1;1H
FPS:7.3
Objects:

[2J[1;1H
FPS:7.2
Objects:

[2J[1;1H
FPS:7.1
Objects:

[2J[1;1H
FPS:7.0
Objects:

[2J[1;1H
FPS:6.8
Objects:

[2J[1;1H
FPS:6.2
Objects:

[2J[1;1H
FPS:7.1
Objects:

[2J[1;1H
FPS:7.4
Objects:

[2J[1;1H
FPS:6.9
Objects:

[2J[1;1H
FPS:7.0
Objects:

[2J[1;1H
FPS:7.0
Objects:

[2J[1;1H
FPS:7.1
Objects:

[2J[1;1H
FPS:7.1
Objects:

[2J[1;1H
FPS:6.7
Objects:

[2J[1;1H
FPS:6.8
Objects:

[2J[1;1H
FPS:7.0
Objects:

[2J[1;1H
FPS:6.7
Objects:

[2J[1;1H
FPS:7.0
Objects:

[2J[1;1H
FPS:7.3
Objects:

[2J[1;1H
FPS:6.4
Objects:

[2J[1;1H
FPS:7.0
Objects:

[2J[1;1H
FPS:7.1
Objects:

[2J[1;1H
FPS:5.5
Objects:

[2J[1;1H
FPS:6.7
Objects:

[2J[1;1H
FPS:6.4
Objects:

[2J[1;1H
FPS:5.9
Objects:

[2J[1;1H
FPS:6.4
Objects:

[2J[1;1H
FPS:6.0
Objects:

[2J[1;1H
FPS:5.8
Objects:

[2J[1;1H
FPS:5.9
Objects:

[2J[1;1H
FPS:6.7
Objects:

[2J[1;1H
FPS:6.3
Objects:

[2J[1;1H
FPS:6.6
Objects:

[2J[1;1H
FPS:6.3
Objects:

[2J[1;1H
FPS:6.4
Objects:

[2J[1;1H
FPS:6.3
Objects:

[2J[1;1H
FPS:5.6
Objects:

[2J[1;1H
FPS:6.1
Objects:

[2J[1;1H
FPS:6.5
Objects:

[2J[1;1H
FPS:6.8
Objects:

[2J[1;1H
FPS:6.8
Objects:

[2J[1;1H
FPS:6.9
Objects:

[2J[1;1H
FPS:7.2
Objects:

[2J[1;1H
FPS:6.3
Objects:

[2J[1;1H
FPS:6.6
Objects:

[2J[1;1H
FPS:7.2
Objects:

[2J[1;1H
FPS:6.8
Objects:

[2J[1;1H
FPS:6.7
Objects:

[2J[1;1H
FPS:7.0
Objects:

[2J[1;1H
FPS:6.8
Objects:

[2J[1;1H
FPS:7.1
Objects:

[2J[1;1H
FPS:7.0
Objects:

[2J[1;1H
FPS:7.0
Objects:

[2J[1;1H
FPS:7.4
Objects:

[2J[1;1H
FPS:7.0
Objects:

[2J[1;1H
FPS:6.8
Objects:

[2J[1;1H
FPS:6.9
Objects:

[2J[1;1H
FPS:6.7
Objects:

[2J[1;1H
FPS:6.6
Objects:

[2J[1;1H
FPS:7.0
Objects:

[2J[1;1H
FPS:6.7
Objects:

[2J[1;1H
FPS:6.7
Objects:

[2J[1;1H
FPS:6.9
Objects:

[2J[1;1H
FPS:6.6
Objects:

[2J[1;1H
FPS:6.6
Objects:

[2J[1;1H
FPS:6.6
Objects:

[2J[1;1H
FPS:7.2
Objects:

[2J[1;1H
FPS:7.3
Objects:

[2J[1;1H
FPS:6.8
Objects:

[2J[1;1H
FPS:6.8
Objects:

[2J[1;1H
FPS:6.4
Objects:

[2J[1;1H
FPS:6.5
Objects:

[2J[1;1H
FPS:6.8
Objects:

[2J[1;1H
FPS:6.0
Objects:

[2J[1;1H
FPS:7.2
Objects:

[2J[1;1H
FPS:7.1
Objects:

[2J[1;1H
FPS:7.1
Objects:

[2J[1;1H
FPS:6.9
Objects:

[2J[1;1H
FPS:7.0
Objects:

[2J[1;1H
FPS:7.1
Objects:

[2J[1;1H
FPS:7.0
Objects:

[2J[1;1H
FPS:7.0
Objects:

[2J[1;1H
FPS:6.7
Objects:

[2J[1;1H
FPS:6.9
Objects:

[2J[1;1H
FPS:6.9
Objects:

[2J[1;1H
FPS:6.5
Objects:

[2J[1;1H
FPS:6.8
Objects:

[2J[1;1H
FPS:6.7
Objects:

[2J[1;1H
FPS:6.6
Objects:

[2J[1;1H
FPS:6.9
Objects:

[2J[1;1H
FPS:7.2
Objects:

[2J[1;1H
FPS:7.4
Objects:

[2J[1;1H
FPS:6.7
Objects:

[2J[1;1H
FPS:6.7
Objects:

[2J[1;1H
FPS:6.9
Objects:

[2J[1;1H
FPS:7.1
Objects:

[2J[1;1H
FPS:6.6
Objects:

[2J[1;1H
FPS:7.0
Objects:

[2J[1;1H
FPS:6.9
Objects:

[2J[1;1H
FPS:6.7
Objects:

[2J[1;1H
FPS:7.2
Objects:

[2J[1;1H
FPS:6.9
Objects:

[2J[1;1H
FPS:6.1
Objects:

[2J[1;1H
FPS:6.6
Objects:

[2J[1;1H
FPS:6.9
Objects:

[2J[1;1H
FPS:6.7
Objects:

[2J[1;1H
FPS:6.8
Objects:

[2J[1;1H
FPS:6.9
Objects:

[2J[1;1H
FPS:7.0
Objects:

[2J[1;1H
FPS:6.9
Objects:

[2J[1;1H
FPS:6.7
Objects:

[2J[1;1H
FPS:6.9
Objects:

[2J[1;1H
FPS:7.0
Objects:

[2J[1;1H
FPS:6.9
Objects:

[2J[1;1H
FPS:6.8
Objects:

[2J[1;1H
FPS:7.1
Objects:

[2J[1;1H
FPS:6.8
Objects:

[2J[1;1H
FPS:7.1
Objects:

[2J[1;1H
FPS:6.9
Objects:

[2J[1;1H
FPS:7.1
Objects:

[2J[1;1H
FPS:6.6
Objects:

[2J[1;1H
FPS:7.0
Objects:

[2J[1;1H
FPS:7.0
Objects:

[2J[1;1H
FPS:6.9
Objects:

[2J[1;1H
FPS:7.0
Objects:

[2J[1;1H
FPS:6.9
Objects:

[2J[1;1H
FPS:6.6
Objects:

[2J[1;1H
FPS:6.5
Objects:

[2J[1;1H
FPS:7.2
Objects:

[2J[1;1H
FPS:6.9
Objects:

[2J[1;1H
FPS:6.8
Objects:

[2J[1;1H
FPS:7.2
Objects:

[2J[1;1H
FPS:7.1
Objects:

[2J[1;1H
FPS:6.9
Objects:

[2J[1;1H
FPS:6.6
Objects:

[2J[1;1H
FPS:6.7
Objects:

[2J[1;1H
FPS:6.7
Objects:

[2J[1;1H
FPS:6.9
Objects:

[2J[1;1H
FPS:6.7
Objects:

[2J[1;1H
FPS:7.0
Objects:

[2J[1;1H
FPS:6.9
Objects:

[2J[1;1H
FPS:7.1
Objects:

[2J[1;1H
FPS:7.3
Objects:

[2J[1;1H
FPS:7.0
Objects:

[2J[1;1H
FPS:6.6
Objects:

[2J[1;1H
FPS:6.6
Objects:

[2J[1;1H
FPS:6.9
Objects:

[2J[1;1H
FPS:7.0
Objects:

[2J[1;1H
FPS:6.8
Objects:

[2J[1;1H
FPS:6.9
Objects:

[2J[1;1H
FPS:6.8
Objects:

[2J[1;1H
FPS:7.1
Objects:

[2J[1;1H
FPS:7.1
Objects:

[2J[1;1H
FPS:7.0
Objects:

[2J[1;1H
FPS:6.8
Objects:

[2J[1;1H
FPS:7.3
Objects:

[2J[1;1H
FPS:6.9
Objects:

[2J[1;1H
FPS:6.8
Objects:

[2J[1;1H
FPS:6.8
Objects:

[2J[1;1H
FPS:7.1
Objects:

[2J[1;1H
FPS:7.0
Objects:

[2J[1;1H
FPS:6.9
Objects:

[2J[1;1H
FPS:6.9
Objects:

[2J[1;1H
FPS:6.9
Objects:

[2J[1;1H
FPS:6.8
Objects:

[2J[1;1H
FPS:6.9
Objects:

[2J[1;1H
FPS:6.9
Objects:

[2J[1;1H
FPS:6.7
Objects:

[2J[1;1H
FPS:6.6
Objects:

[2J[1;1H
FPS:7.2
Objects:

[2J[1;1H
FPS:6.9
Objects:

[2J[1;1H
FPS:7.1
Objects:

[2J[1;1H
FPS:7.2
Objects:

[2J[1;1H
FPS:6.9
Objects:

[2J[1;1H
FPS:7.0
Objects:

[2J[1;1H
FPS:6.9
Objects:

[2J[1;1H
FPS:6.7
Objects:

[2J[1;1H
FPS:6.7
Objects:

[2J[1;1H
FPS:6.9
Objects:

[2J[1;1H
FPS:6.9
ObTerminated
